<?xml version="1.0" encoding="UTF-8"?>
<!-- Generated by org.testng.reporters.JUnitXMLReporter -->
<testsuite hostname="DESKTOP-Q3OL5F5" ignored="0" name="TC002_assertionsConcepts" tests="1" failures="1" timestamp="2022-07-21T14:15:24 EDT" time="0.076" errors="0">
  <testcase name="checkValues" time="0.017" classname="testNGConcepts.TC002_assertionsConcepts">
    <failure type="java.lang.AssertionError" message="The following asserts failed:
	status not matching expected [true] but found [false]">
      <![CDATA[java.lang.AssertionError: The following asserts failed:
status not matching expected [true] but found [false]
at testNGConcepts.TC002_assertionsConcepts.checkValues(TC002_assertionsConcepts.java:43)
at java.util.ArrayList.forEach(Unknown Source)
... Removed 29 stack frames]]>
    </failure>
  </testcase> <!-- checkValues -->
</testsuite> <!-- TC002_assertionsConcepts -->
